INFO:root:soomsoom - @login devdev
INFO:root:soomsoom - @load meeting
INFO:root:soomsoom - @login devdev
INFO:root:soomsoom - @load meeting
INFO:root:soomsoom - @login devdev
INFO:root:soomsoom - @load meeting
INFO:root:soomsoom - @login devdev
INFO:root:soomsoom - @load meeting
INFO:root:soomsoom - @login devdev
INFO:root:soomsoom - @load meeting
INFO:root:soomsoom - @login devdev
INFO:root:soomsoom - @load meeting
INFO:root:soomsoom - @rload meeting
INFO:root:soomsoom - @rload meeting
INFO:root:soomsoom - @rload meeting
INFO:root:soomsoom - @login devdev
INFO:root:soomsoom - @rload meeting
INFO:root:soomsoom - @login devdev
INFO:root:soomsoom - @load meeting
INFO:root:soomsoom - @login devdev
INFO:root:soomsoom - @load meeting
INFO:root:soomsoom - @rload meeting
INFO:root:soomsoom - @bot shutdown
INFO:root:soomsoom - @login devdev
INFO:root:soomsoom - @cmds
INFO:root:soomsoom - @unload wiki
INFO:root:soomsoom - @login devdev
INFO:root:soomsoom - @unload wiki
INFO:root:soomsoom - @load meeting
INFO:root:soomsoom - @uload meeting
INFO:root:soomsoom - @unload meeting
INFO:root:soomsoom - @login devdev
INFO:root:soomsoom - @load meeting
INFO:root:soomsoom - @unload meeting
INFO:root:soomsoom - @login devdev
INFO:root:soomsoom - @load meeting
INFO:root:soomsoom - @unload meeting
INFO:root:soomsoom - @login devdev
INFO:root:soomsoom - @load meeting
INFO:root:soomsoom - @unload meeting
INFO:root:soomsoom - @login devdev
INFO:root:soomsoom - @load meeting
INFO:root:soomsoom - @unload meeting
INFO:root:soomsoom - @login devdev
INFO:root:soomsoom - @load meeting
INFO:root:soomsoom - @unload meeting
INFO:root:soomsoom - @login devdev
INFO:root:soomsoom - @bot plugins
INFO:root:soomsoom - @load meeting
INFO:root:soomsoom - @cmds
INFO:root:soomsoom - @meeting
INFO:root:soomsoom - @meeting start
INFO:root:soomsoom - @rload meeting
INFO:root:soomsoom - @login devdev
INFO:root:soomsoom - @load meeting
INFO:root:soomsoom - @login devdv
INFO:root:soomsoom - @login devdev
INFO:root:soomsoom - @laod meeting
INFO:root:soomsoom - @load meeting
INFO:root:soomsoom - @cmds
INFO:root:soomsoom - @meeting start
INFO:root:soomsoom - @meeting stop
INFO:root:soomsoom - @load meeting
INFO:root:soomsoom - @login devdev
INFO:root:soomsoom - @load meeting
INFO:root:soomsoom - @load meeting
INFO:root:soomsoom - @load meeting
INFO:root:soomsoom - @load meeting
INFO:root:soomsoom - @rload meeting
INFO:root:soomsoom - @rload meeting
INFO:root:soomsoom - @meeting start
INFO:root:soomsoom - @meeting stop
INFO:root:soomsoom - @unload meeting
INFO:root:soomsoom - @login devdev
INFO:root:soomsoom - @load meeting
INFO:root:soomsoom - @meeting start
INFO:root:soomsoom - @load meeting
INFO:root:soomsoom - @rload meeting
INFO:root:soomsoom - @meeting start
INFO:root:soomsoom - @meeting stop
INFO:root:soomsoom - @meeting start
INFO:root:soomsoom - @meeting stop
INFO:root:soomsoom - @rload meeting
INFO:root:soomsoom - @meeting start
INFO:root:soomsoom - @meeting stop
INFO:root:soomsoom - @login devdev
INFO:root:soomsoom - @load meeting
INFO:root:soomsoom - @load meeting
INFO:root:soomsoom - @meeting start
INFO:root:soomsoom - @meeting subject ניסיון
INFO:root:soomsoom - @meeting stop
INFO:root:soomsoom - @rload meeting
INFO:root:soomsoom - @meeting start
INFO:root:soomsoom - @meeting subject ניסיון
INFO:root:soomsoom - @meeting stop
INFO:root:soomsoom - @rload meeting
INFO:root:soomsoom - @meeting start
INFO:root:soomsoom - @meeting stop
INFO:root:soomsoom - @rload meeting
INFO:root:soomsoom - @meeting start
INFO:root:soomsoom - @login devdev
INFO:root:soomsoom - @cmds
INFO:root:soomsoom - @meeting start
INFO:root:soomsoom - @meeting subject ניסיון
INFO:root:soomsoom - @meeting unmute
INFO:root:soomsoom - @meeting stop
INFO:root:soomsoom - @meeting stop
INFO:root:soomsoom - @rload meeting
INFO:root:soomsoom - @rload meeting
INFO:root:soomsoom - @rload meeting
INFO:root:soomsoom - @rload meeting
INFO:root:soomsoom - @login devdev
INFO:root:soomsoom - @cmds
INFO:root:soomsoom - @meeting start
INFO:root:soomsoom - @meeting subject
INFO:root:soomsoom - @meeting subject אחד שתיים שלוש
INFO:root:soomsoom - @meeting unmute
INFO:root:soomsoom - @meeting vote ניסיון
INFO:root:soomsoom - @meeting vote start ניסיון
INFO:root:soomsoom - @meeting stop
INFO:root:soomsoom - @login devdev
INFO:root:soomsoom - @load meeting
INFO:root:soomsoom - @meeting start
INFO:root:soomsoom - @meeting subject ניסיון אחד שתיים שלוש
INFO:root:soomsoom - @meeting unmute
INFO:root:soomsoom - @meeting vote start ניסיון להצבעה
INFO:root:soomsoom - @meeting stop
INFO:root:soomsoom - @rload meeting
INFO:root:soomsoom - @login devev
INFO:root:soomsoom - @login devdev
INFO:root:soomsoom - @rload meeting
INFO:root:soomsoom - @meeting start
INFO:root:soomsoom - @meeting vote start אחד שתיים שלוש
INFO:root:soomsoom - @login devdev
INFO:root:soomsoom - @load meeting
INFO:root:soomsoom - @meeting start
INFO:root:soomsoom - @meeting vote start ניסיון
INFO:root:soomsoom - @meeting stop
INFO:root:soomsoom - @rload meeting
INFO:root:soomsoom - @meeting start
INFO:root:soomsoom - @meeting vote start ניסיון
INFO:root:soomsoom - @meeting stop
INFO:root:soomsoom - @rload meeting
INFO:root:soomsoom - @meeting start
INFO:root:soomsoom - @meeting vote start ניסיון
INFO:root:soomsoom - @meeting stop
INFO:root:soomsoom - @rload meeting
INFO:root:soomsoom - @rload meeting
INFO:root:soomsoom - @meeting start
INFO:root:soomsoom - @meeting vote start ניסיון
INFO:root:soomsoom - @meeting stop
INFO:root:soomsoom - @rload meeting
INFO:root:soomsoom - @login devdev
INFO:root:soomsoom - @meeting start
INFO:root:soomsoom - @meeting stop
INFO:root:soomsoom - @meeting start
INFO:root:soomsoom - @meeting vote start ניסיון
INFO:root:soomsoom - @meeting vote stop
INFO:root:soomsoom - @meeting stop
INFO:root:soomsoom - @rload meeting
INFO:root:soomsoom - @meeting start
INFO:root:soomsoom - @meeting vote start ניסיון
INFO:root:soomsoom - @meeting vote stop
INFO:root:soomsoom - @meeting stop
INFO:root:soomsoom - @unload meeting
INFO:root:soomsoom - @login devdev
INFO:root:soomsoom - @load meeting
INFO:root:soomsoom - @meeting start
INFO:root:soomsoom - @meeting vote start bla
INFO:root:soomsoom - @meeting stop
INFO:root:soomsoom - @meeting vote stop
INFO:root:soomsoom - @login devdev
INFO:root:soomsoom - @load meeting
INFO:root:soomsoom - @meeting start
INFO:root:soomsoom - @meeting vote start bla
INFO:root:soomsoom - @meeting stop
INFO:root:soomsoom - @meeting vote stop
INFO:root:soomsoom - @meeting vote stop
INFO:root:soomsoom - @meeting stop
INFO:root:soomsoom - @rload meeting
INFO:root:soomsoom - @meeting start
INFO:root:soomsoom - @meeting vote start bla
INFO:root:soomsoom - @meeting vote stop
INFO:root:soomsoom - @meeting stop
INFO:root:soomsoom - @meeting vote stop
INFO:root:soomsoom - @meeting vote stop
INFO:root:soomsoom - @meeting stop
INFO:root:soomsoom - @meeting stop
INFO:root:soomsoom - @rload meeting
INFO:root:soomsoom - @meeting stop
INFO:root:soomsoom - @meeting stop
INFO:root:soomsoom - @bot shutdown
INFO:root:soomsoom - @login devdev
INFO:root:soomsoom - @load meeting
INFO:root:soomsoom - @meeting start
INFO:root:soomsoom - @meeting vote start ניסיון לפתירת באג
INFO:root:soomsoom - @meeting vote stop
INFO:root:soomsoom - @meeting vote stop
INFO:root:soomsoom - @meeting stop
INFO:root:soomsoom - @fload meeting
INFO:root:soomsoom - @rload meeting
INFO:root:soomsoom - @meeting start
INFO:root:soomsoom - @meeting vote start ניסיון לפתירת באג
INFO:root:soomsoom - @meeting subject ניסיון לנושא
INFO:root:soomsoom - @meeting unmute
INFO:root:soomsoom - @meeting vote start ניסיון לפתירת באג
INFO:root:soomsoom - @meeting stop
INFO:root:soomsoom - @rload meeting
INFO:root:soomsoom - @meeting start
INFO:root:soomsoom - @meeting vote start ניסיון לפתירת באג
INFO:root:soomsoom - @meeting vote stop
INFO:root:soomsoom - @meeting stop
INFO:root:soomsoom - @rload meeting
INFO:root:soomsoom - @meeting start
INFO:root:soomsoom - @meeting vote start ניסיון לפתירת באג
INFO:root:soomsoom - @login devdev
INFO:root:soomsoom - @load meeting
INFO:root:soomsoom - @meeting start
INFO:root:soomsoom - @meeting vote start bla
INFO:root:soomsoom - @meeting vote stop
INFO:root:soomsoom - @meeting stop
INFO:root:soomsoom - @rload meeting
INFO:root:soomsoom - @meeting start
INFO:root:soomsoom - @meeting vote start bla
INFO:root:soomsoom - @meeting stop
INFO:root:soomsoom - @meeting vote stop
INFO:root:soomsoom - @meeting stop
INFO:root:soomsoom - @rload meeting
INFO:root:soomsoom - @rload meeting
INFO:root:soomsoom - @meeting start
INFO:root:soomsoom - @meeting vote start bla
INFO:root:soomsoom - @meeting vote stop
INFO:root:soomsoom - @meeting stop
INFO:root:soomsoom - @uload meeting
INFO:root:soomsoom - @unload meeting
INFO:root:soomsoom - @load meeting
INFO:root:soomsoom - @meeting start
INFO:root:soomsoom - @meeting vote start bla
INFO:root:soomsoom - @meeting vote stop
INFO:root:soomsoom - @meeting vote stop
INFO:root:soomsoom - @meeting stop
INFO:root:soomsoom - @meeting start
INFO:root:soomsoom - @meeting stop
INFO:root:soomsoom - @rload meeting
INFO:root:soomsoom - @meeting start
INFO:root:soomsoom - @meeting vote start bla
INFO:root:soomsoom - @meeting stop
INFO:root:soomsoom - @meeting vote stop
INFO:root:soomsoom - @meeting vote stop
INFO:root:soomsoom - @meeting stop
INFO:root:soomsoom - @rload meeting
INFO:root:soomsoom - @meeting start
INFO:root:soomsoom - @meeting vote start bla
INFO:root:soomsoom - @meeting subject ניסיון
INFO:root:soomsoom - @meeting stop
INFO:root:soomsoom - @rload meeting
INFO:root:soomsoom - @meeting start
INFO:root:soomsoom - @meeting vote start ניסיון להצבעה
INFO:root:soomsoom - @meeting subject ניסיון לנושא
INFO:root:soomsoom - @meeting stop
INFO:root:soomsoom - @rload meeting
INFO:root:soomsoom - @meeting start
INFO:root:soomsoom - @meeting vote start ניסיון להצבעה
INFO:root:soomsoom - @meeting subject ניסיון לנושא
INFO:root:soomsoom - @meeting unmute
INFO:root:soomsoom - @meeting vote start
INFO:root:soomsoom - @meeting vote start ניסיון להצבעה
INFO:root:soomsoom - @meeting vote stop
INFO:root:soomsoom - @meeting stop
INFO:root:soomsoom - @bot shutdown
INFO:root:soomsoom - @login devdev
INFO:root:soomsoom - @cmds
INFO:root:soomsoom - @bot plugins
INFO:root:soomsoom - @load meeting
INFO:root:soomsoom - @unload meeting
INFO:root:soomsoom - @login devdev
INFO:root:soomsoom - @load meeting
INFO:root:soomsoom - @login devdev
INFO:root:soomsoom - @load meeting
INFO:root:soomsoom - @login devdev
INFO:root:soomsoom - @load meeting
INFO:root:soomsoom - @login devdev
INFO:root:soomsoom - @load meeting
INFO:root:soomsoom - @unload meeting
INFO:root:soomsoom - @bot shutdown
INFO:root:soomsoom - @login devdev
INFO:root:soomsoom - @load meeting
INFO:root:soomsoom - @unload meeting
